  match.c
c:\users\jasonxkotori\desktop\match\match\match.c(6): error C2057: expected constant expression
c:\users\jasonxkotori\desktop\match\match\match.c(6): error C2466: cannot allocate an array of constant size 0
c:\users\jasonxkotori\desktop\match\match\match.c(6): error C2087: 'table': missing subscript
c:\users\jasonxkotori\desktop\match\match\match.c(6): error C2133: 'table': unknown size
c:\users\jasonxkotori\desktop\match\match\match.c(63): error C2057: expected constant expression
c:\users\jasonxkotori\desktop\match\match\match.c(63): error C2466: cannot allocate an array of constant size 0
c:\users\jasonxkotori\desktop\match\match\match.c(63): error C2133: 'selectX': unknown size
c:\users\jasonxkotori\desktop\match\match\match.c(63): error C2133: 'selectY': unknown size
c:\users\jasonxkotori\desktop\match\match\match.c(63): error C2087: 'table': missing subscript
c:\users\jasonxkotori\desktop\match\match\match.c(63): error C2133: 'table': unknown size
c:\users\jasonxkotori\desktop\match\match\match.c(133): error C2057: expected constant expression
c:\users\jasonxkotori\desktop\match\match\match.c(133): error C2466: cannot allocate an array of constant size 0
c:\users\jasonxkotori\desktop\match\match\match.c(133): error C2133: 'x': unknown size
c:\users\jasonxkotori\desktop\match\match\match.c(133): error C2133: 'y': unknown size
c:\users\jasonxkotori\desktop\match\match\match.c(134): error C2057: expected constant expression
c:\users\jasonxkotori\desktop\match\match\match.c(134): error C2466: cannot allocate an array of constant size 0
c:\users\jasonxkotori\desktop\match\match\match.c(134): error C2133: 'shortlist': unknown size
c:\users\jasonxkotori\desktop\match\match\match.c(195): error C2057: expected constant expression
c:\users\jasonxkotori\desktop\match\match\match.c(195): error C2466: cannot allocate an array of constant size 0
c:\users\jasonxkotori\desktop\match\match\match.c(195): error C2133: 'buildShortlistTable': unknown size
